<?xml version="1.0" encoding="UTF-8"?>
<!-- Generated by org.testng.reporters.JUnitReportReporter -->
<testsuite hostname="admichy-PC" name="com.ceeety.autotest.flight_reminder.LoginTest" tests="1" failures="1" timestamp="7 Jun 2017 04:05:39 GMT" time="0.040" errors="0">
  <testcase name="f" time="0.040" classname="com.ceeety.autotest.flight_reminder.LoginTest">
    <failure type="org.openqa.selenium.UnsupportedCommandException" message="Missing parameters: [&quot;selector&quot;]
Command duration or timeout: 10 milliseconds
Build info: version: &#039;2.53.1&#039;, revision: &#039;a36b8b1cd5757287168e54b817830adce9b0158d&#039;, time: &#039;2016-06-30 19:26:09&#039;
System info: host: &#039;admichy-PC&#039;, ip: &#039;192.168.0.26&#039;, os.name: &#039;Windows 7&#039;, os.arch: &#039;amd64&#039;, os.version: &#039;6.1&#039;, java.version: &#039;1.8.0_121&#039;
Driver info: io.appium.java_client.android.AndroidDriver
Capabilities [{app=C:\eclipse\workspace\flight_reminder\app\android_app_bootstrap-debug.apk, appPackage=com.github.android_app_bootstrap, networkConnectionEnabled=true, noReset=true, noSign=true, warnings={}, databaseEnabled=false, deviceName=a7aa6477d03, platform=LINUX, appActivity=com.github.android_app_bootstrap.activity.WelcomeActivity, desired={app=C:\eclipse\workspace\flight_reminder\app\android_app_bootstrap-debug.apk, appPackage=com.github.android_app_bootstrap, appActivity=com.github.android_app_bootstrap.activity.WelcomeActivity, noReset=true, noSign=true, platformVersion=6.0, browserName=, unicodeKeyboard=true, platformName=Android, deviceName=a7aa6477d03, resetKeyboard=true}, platformVersion=6.0.1, webStorageEnabled=false, locationContextEnabled=false, browserName=, takesScreenshot=true, javascriptEnabled=true, unicodeKeyboard=true, platformName=Android, resetKeyboard=true}]
Session ID: 5eb38034-a2da-4450-a617-bcadd4a1c33a
*** Element info: {Using=id, value=}">
      <![CDATA[org.openqa.selenium.UnsupportedCommandException: Missing parameters: ["selector"]
Command duration or timeout: 10 milliseconds
Build info: version: '2.53.1', revision: 'a36b8b1cd5757287168e54b817830adce9b0158d', time: '2016-06-30 19:26:09'
System info: host: 'admichy-PC', ip: '192.168.0.26', os.name: 'Windows 7', os.arch: 'amd64', os.version: '6.1', java.version: '1.8.0_121'
Driver info: io.appium.java_client.android.AndroidDriver
Capabilities [{app=C:\eclipse\workspace\flight_reminder\app\android_app_bootstrap-debug.apk, appPackage=com.github.android_app_bootstrap, networkConnectionEnabled=true, noReset=true, noSign=true, warnings={}, databaseEnabled=false, deviceName=a7aa6477d03, platform=LINUX, appActivity=com.github.android_app_bootstrap.activity.WelcomeActivity, desired={app=C:\eclipse\workspace\flight_reminder\app\android_app_bootstrap-debug.apk, appPackage=com.github.android_app_bootstrap, appActivity=com.github.android_app_bootstrap.activity.WelcomeActivity, noReset=true, noSign=true, platformVersion=6.0, browserName=, unicodeKeyboard=true, platformName=Android, deviceName=a7aa6477d03, resetKeyboard=true}, platformVersion=6.0.1, webStorageEnabled=false, locationContextEnabled=false, browserName=, takesScreenshot=true, javascriptEnabled=true, unicodeKeyboard=true, platformName=Android, resetKeyboard=true}]
Session ID: 5eb38034-a2da-4450-a617-bcadd4a1c33a
*** Element info: {Using=id, value=}
	at sun.reflect.NativeConstructorAccessorImpl.newInstance0(Native Method)
	at sun.reflect.NativeConstructorAccessorImpl.newInstance(NativeConstructorAccessorImpl.java:62)
	at sun.reflect.DelegatingConstructorAccessorImpl.newInstance(DelegatingConstructorAccessorImpl.java:45)
	at java.lang.reflect.Constructor.newInstance(Constructor.java:423)
	at org.openqa.selenium.remote.ErrorHandler.createThrowable(ErrorHandler.java:206)
	at org.openqa.selenium.remote.ErrorHandler.throwIfResponseFailed(ErrorHandler.java:158)
	at org.openqa.selenium.remote.RemoteWebDriver.execute(RemoteWebDriver.java:678)
	at io.appium.java_client.DefaultGenericMobileDriver.execute(DefaultGenericMobileDriver.java:40)
	at io.appium.java_client.AppiumDriver.execute(AppiumDriver.java:1)
	at io.appium.java_client.android.AndroidDriver.execute(AndroidDriver.java:1)
	at org.openqa.selenium.remote.RemoteWebDriver.findElement(RemoteWebDriver.java:363)
	at io.appium.java_client.DefaultGenericMobileDriver.findElement(DefaultGenericMobileDriver.java:56)
	at io.appium.java_client.AppiumDriver.findElement(AppiumDriver.java:1)
	at io.appium.java_client.android.AndroidDriver.findElement(AndroidDriver.java:1)
	at org.openqa.selenium.remote.RemoteWebDriver.findElementById(RemoteWebDriver.java:413)
	at io.appium.java_client.DefaultGenericMobileDriver.findElementById(DefaultGenericMobileDriver.java:64)
	at io.appium.java_client.AppiumDriver.findElementById(AppiumDriver.java:1)
	at io.appium.java_client.android.AndroidDriver.findElementById(AndroidDriver.java:1)
	at org.openqa.selenium.By$ById.findElement(By.java:218)
	at org.openqa.selenium.remote.RemoteWebDriver.findElement(RemoteWebDriver.java:355)
	at io.appium.java_client.DefaultGenericMobileDriver.findElement(DefaultGenericMobileDriver.java:52)
	at io.appium.java_client.AppiumDriver.findElement(AppiumDriver.java:1)
	at io.appium.java_client.android.AndroidDriver.findElement(AndroidDriver.java:1)
	at com.ceeety.autotest.flight_reminder.LoginTest.f(LoginTest.java:25)
	at sun.reflect.NativeMethodAccessorImpl.invoke0(Native Method)
	at sun.reflect.NativeMethodAccessorImpl.invoke(NativeMethodAccessorImpl.java:62)
	at sun.reflect.DelegatingMethodAccessorImpl.invoke(DelegatingMethodAccessorImpl.java:43)
	at java.lang.reflect.Method.invoke(Method.java:498)
	at org.testng.internal.MethodInvocationHelper.invokeMethod(MethodInvocationHelper.java:84)
	at org.testng.internal.Invoker.invokeMethod(Invoker.java:714)
	at org.testng.internal.Invoker.invokeTestMethod(Invoker.java:901)
	at org.testng.internal.Invoker.invokeTestMethods(Invoker.java:1231)
	at org.testng.internal.TestMethodWorker.invokeTestMethods(TestMethodWorker.java:127)
	at org.testng.internal.TestMethodWorker.run(TestMethodWorker.java:111)
	at org.testng.TestRunner.privateRun(TestRunner.java:767)
	at org.testng.TestRunner.run(TestRunner.java:617)
	at org.testng.SuiteRunner.runTest(SuiteRunner.java:348)
	at org.testng.SuiteRunner.runSequentially(SuiteRunner.java:343)
	at org.testng.SuiteRunner.privateRun(SuiteRunner.java:305)
	at org.testng.SuiteRunner.run(SuiteRunner.java:254)
	at org.testng.SuiteRunnerWorker.runSuite(SuiteRunnerWorker.java:52)
	at org.testng.SuiteRunnerWorker.run(SuiteRunnerWorker.java:86)
	at org.testng.TestNG.runSuitesSequentially(TestNG.java:1224)
	at org.testng.TestNG.runSuitesLocally(TestNG.java:1149)
	at org.testng.TestNG.run(TestNG.java:1057)
	at org.testng.remote.AbstractRemoteTestNG.run(AbstractRemoteTestNG.java:126)
	at org.testng.remote.RemoteTestNG.initAndRun(RemoteTestNG.java:137)
	at org.testng.remote.RemoteTestNG.main(RemoteTestNG.java:58)
]]>
    </failure>
  </testcase> <!-- f -->
</testsuite> <!-- com.ceeety.autotest.flight_reminder.LoginTest -->
