<?xml version="1.0" encoding="UTF-8"?>
<!-- Generated by org.testng.reporters.JUnitReportReporter -->
<testsuite hostname="admichy-PC" name="com.ceeety.autotest.flight_reminder.testcases.LoginTest" tests="4" failures="0" timestamp="13 Jun 2017 03:25:00 GMT" time="0.054" errors="0">
  <testcase name="testLogin" time="0.014" classname="com.ceeety.autotest.flight_reminder.testcases.LoginTest"/>
  <testcase name="testLogin" time="0.003" classname="com.ceeety.autotest.flight_reminder.testcases.LoginTest"/>
  <testcase name="testLogin" time="0.032" classname="com.ceeety.autotest.flight_reminder.testcases.LoginTest"/>
  <testcase name="testLogin" time="0.005" classname="com.ceeety.autotest.flight_reminder.testcases.LoginTest"/>
</testsuite> <!-- com.ceeety.autotest.flight_reminder.testcases.LoginTest -->
