<?xml version="1.0" encoding="UTF-8"?>
<!-- Generated by org.testng.reporters.JUnitReportReporter -->
<testsuite hostname="admichy-PC" name="com.ceeety.autotest.flight_reminder.testcases.LoginTest" tests="1" failures="0" timestamp="13 Jun 2017 09:39:45 GMT" time="23.421" errors="0">
  <testcase name="testLogin" time="23.421" classname="com.ceeety.autotest.flight_reminder.testcases.LoginTest"/>
</testsuite> <!-- com.ceeety.autotest.flight_reminder.testcases.LoginTest -->
